  HelloWindow.cpp
D:\Desktop\OpenGL\Include\gameobject.h(39,47): warning C4267: 'return': conversion from 'size_t' to 'int', possible loss of data
  (compiling source file 'src/HelloWindow.cpp')
  
D:\Desktop\OpenGL\Include\gameobject.h(215,21): warning C4018: '<': signed/unsigned mismatch
  (compiling source file 'src/HelloWindow.cpp')
  
D:\Desktop\OpenGL\Include\inputs.h(85,18): warning C4244: '=': conversion from 'int' to 'float', possible loss of data
  (compiling source file 'src/HelloWindow.cpp')
  
D:\Desktop\OpenGL\Include\inputs.h(86,19): warning C4244: '=': conversion from 'int' to 'float', possible loss of data
  (compiling source file 'src/HelloWindow.cpp')
  
D:\Desktop\OpenGL\Include\inputs.h(87,34): warning C4244: 'argument': conversion from 'float' to 'GLsizei', possible loss of data
  (compiling source file 'src/HelloWindow.cpp')
  
D:\Desktop\OpenGL\Include\inputs.h(87,19): warning C4244: 'argument': conversion from 'float' to 'GLsizei', possible loss of data
  (compiling source file 'src/HelloWindow.cpp')
  
D:\Desktop\OpenGL\Include\deltatime.h(15,26): warning C4244: '=': conversion from 'double' to 'float', possible loss of data
  (compiling source file 'src/HelloWindow.cpp')
  
D:\Desktop\OpenGL\Include\deltatime.h(18,21): warning C4244: 'initializing': conversion from 'double' to 'float', possible loss of data
  (compiling source file 'src/HelloWindow.cpp')
  
D:\Desktop\OpenGL\Include\environment.h(21,10): warning C4305: 'initializing': truncation from 'double' to '_Ty'
D:\Desktop\OpenGL\Include\environment.h(21,10): warning C4305:         with
D:\Desktop\OpenGL\Include\environment.h(21,10): warning C4305:         [
D:\Desktop\OpenGL\Include\environment.h(21,10): warning C4305:             _Ty=float
D:\Desktop\OpenGL\Include\environment.h(21,10): warning C4305:         ]
  (compiling source file 'src/HelloWindow.cpp')
  
D:\Desktop\OpenGL\Include\environment.h(22,9): warning C4305: 'initializing': truncation from 'double' to '_Ty'
D:\Desktop\OpenGL\Include\environment.h(22,9): warning C4305:         with
D:\Desktop\OpenGL\Include\environment.h(22,9): warning C4305:         [
D:\Desktop\OpenGL\Include\environment.h(22,9): warning C4305:             _Ty=float
D:\Desktop\OpenGL\Include\environment.h(22,9): warning C4305:         ]
  (compiling source file 'src/HelloWindow.cpp')
  
D:\Desktop\OpenGL\Include\environment.h(23,9): warning C4305: 'initializing': truncation from 'double' to '_Ty'
D:\Desktop\OpenGL\Include\environment.h(23,9): warning C4305:         with
D:\Desktop\OpenGL\Include\environment.h(23,9): warning C4305:         [
D:\Desktop\OpenGL\Include\environment.h(23,9): warning C4305:             _Ty=float
D:\Desktop\OpenGL\Include\environment.h(23,9): warning C4305:         ]
  (compiling source file 'src/HelloWindow.cpp')
  
D:\Desktop\OpenGL\Include\environment.h(24,9): warning C4305: 'initializing': truncation from 'double' to '_Ty'
D:\Desktop\OpenGL\Include\environment.h(24,9): warning C4305:         with
D:\Desktop\OpenGL\Include\environment.h(24,9): warning C4305:         [
D:\Desktop\OpenGL\Include\environment.h(24,9): warning C4305:             _Ty=float
D:\Desktop\OpenGL\Include\environment.h(24,9): warning C4305:         ]
  (compiling source file 'src/HelloWindow.cpp')
  
D:\Desktop\OpenGL\Include\environment.h(25,9): warning C4305: 'initializing': truncation from 'double' to '_Ty'
D:\Desktop\OpenGL\Include\environment.h(25,9): warning C4305:         with
D:\Desktop\OpenGL\Include\environment.h(25,9): warning C4305:         [
D:\Desktop\OpenGL\Include\environment.h(25,9): warning C4305:             _Ty=float
D:\Desktop\OpenGL\Include\environment.h(25,9): warning C4305:         ]
  (compiling source file 'src/HelloWindow.cpp')
  
D:\Desktop\OpenGL\Include\environment.h(26,8): warning C4305: 'initializing': truncation from 'double' to '_Ty'
D:\Desktop\OpenGL\Include\environment.h(26,8): warning C4305:         with
D:\Desktop\OpenGL\Include\environment.h(26,8): warning C4305:         [
D:\Desktop\OpenGL\Include\environment.h(26,8): warning C4305:             _Ty=float
D:\Desktop\OpenGL\Include\environment.h(26,8): warning C4305:         ]
  (compiling source file 'src/HelloWindow.cpp')
  
D:\Desktop\OpenGL\Include\environmentCube.h(48,20): warning C4018: '<': signed/unsigned mismatch
  (compiling source file 'src/HelloWindow.cpp')
  
D:\Desktop\OpenGL\Include\environmentCube.h(92,63): warning C4267: 'argument': conversion from 'size_t' to 'GLsizei', possible loss of data
  (compiling source file 'src/HelloWindow.cpp')
  
D:\Desktop\OpenGL\Include\lights.h(33,26): warning C4305: '=': truncation from 'double' to 'float'
  (compiling source file 'src/HelloWindow.cpp')
  
D:\Desktop\OpenGL\Include\lights.h(36,27): warning C4305: '=': truncation from 'double' to 'float'
  (compiling source file 'src/HelloWindow.cpp')
  
C:\Users\twtw4\source\repos\LearnOpenGL\LearnOpenGL\src\HelloWindow.cpp(133,55): warning C4244: 'argument': conversion from 'float' to 'int', possible loss of data
C:\Users\twtw4\source\repos\LearnOpenGL\LearnOpenGL\src\HelloWindow.cpp(133,40): warning C4244: 'argument': conversion from 'float' to 'int', possible loss of data
C:\Users\twtw4\source\repos\LearnOpenGL\LearnOpenGL\src\HelloWindow.cpp(151,34): warning C4244: 'argument': conversion from 'float' to 'GLsizei', possible loss of data
C:\Users\twtw4\source\repos\LearnOpenGL\LearnOpenGL\src\HelloWindow.cpp(151,19): warning C4244: 'argument': conversion from 'float' to 'GLsizei', possible loss of data
C:\Users\twtw4\source\repos\LearnOpenGL\LearnOpenGL\src\HelloWindow.cpp(181,71): warning C4244: 'argument': conversion from 'float' to 'GLsizei', possible loss of data
C:\Users\twtw4\source\repos\LearnOpenGL\LearnOpenGL\src\HelloWindow.cpp(181,56): warning C4244: 'argument': conversion from 'float' to 'GLsizei', possible loss of data
C:\Users\twtw4\source\repos\LearnOpenGL\LearnOpenGL\src\HelloWindow.cpp(356,20): warning C4018: '<': signed/unsigned mismatch
C:\Users\twtw4\source\repos\LearnOpenGL\LearnOpenGL\src\HelloWindow.cpp(396,61): warning C4267: '=': conversion from 'size_t' to 'int', possible loss of data
C:\Users\twtw4\source\repos\LearnOpenGL\LearnOpenGL\src\HelloWindow.cpp(487,60): warning C4267: 'argument': conversion from 'size_t' to 'GLsizei', possible loss of data
  LearnOpenGL.vcxproj -> C:\Users\twtw4\source\repos\LearnOpenGL\x64\Debug\LearnOpenGL.exe
